Arguments: 
  /Users/hienpham/.nvm/versions/node/v14.18.1/bin/node /Users/hienpham/.yarn/bin/yarn.js add express-async-errors

PATH: 
  /Users/hienpham/.nvm/versions/node/v14.18.1/bin:/Users/hienpham/bin:/Users/hienpham/.yarn/bin:/Users/hienpham/.config/yarn/global/node_modules/.bin:/Users/hienpham/.nvm/versions/node/v14.18.1/bin:/opt/local/bin:/opt/local/sbin:/opt/homebrew/bin:/opt/homebrew/sbin:/usr/local/bin:/usr/bin:/bin:/usr/sbin:/sbin:/usr/local/MacGPG2/bin:/Users/hienpham/bin:/Users/hienpham/.yarn/bin:/Users/hienpham/.config/yarn/global/node_modules/.bin:/Users/hienpham/.nvm/versions/node/v14.18.1/bin:/opt/local/bin:/opt/local/sbin:/opt/homebrew/bin:/opt/homebrew/sbin

Yarn version: 
  1.22.15

Node version: 
  14.18.1

Platform: 
  darwin x64

Trace: 
  Error: https://common-171023524828.d.codeartifact.ap-southeast-1.amazonaws.com/npm/common/bcryptjs: Unauthenticated: request used expired credentials. Please renew your credentials.
      at Request.params.callback [as _callback] (/Users/hienpham/.yarn/lib/cli.js:67031:18)
      at Request.self.callback (/Users/hienpham/.yarn/lib/cli.js:140885:22)
      at Request.emit (events.js:400:28)
      at Request.<anonymous> (/Users/hienpham/.yarn/lib/cli.js:141857:10)
      at Request.emit (events.js:400:28)
      at Gunzip.<anonymous> (/Users/hienpham/.yarn/lib/cli.js:141779:12)
      at Object.onceWrapper (events.js:519:28)
      at Gunzip.emit (events.js:400:28)
      at endReadableNT (internal/streams/readable.js:1334:12)
      at processTicksAndRejections (internal/process/task_queues.js:82:21)

npm manifest: 
  {
    "name": "chat-app",
    "version": "1.0.0",
    "description": "chat service",
    "main": "index.js",
    "author": "Hien Pham",
    "license": "MIT",
    "scripts": {
      "dev": "NODE_ENV=development nodemon",
      "build": "rimraf ./build && tsc",
      "start": "NODE_ENV=production node build/index.js"
    },
    "devDependencies": {
      "@types/bcryptjs": "^2.4.2",
      "@types/express": "^4.17.8",
      "@types/lodash": "^4.14.161",
      "@types/mongoose": "^5.7.36",
      "@types/node": "^14.6.4",
      "@types/passport": "^1.0.4",
      "@types/passport-jwt": "^3.0.3",
      "@types/passport-local": "^1.0.33",
      "@types/redis": "^2.8.31",
      "@types/socket.io": "^3.0.2",
      "nodemon": "^2.0.4",
      "rimraf": "^3.0.2",
      "ts-node": "^9.0.0",
      "typescript": "^4.0.2"
    },
    "dependencies": {
      "bcryptjs": "^2.4.3",
      "body-parser": "^1.19.0",
      "cors": "^2.8.5",
      "dotenv": "^10.0.0",
      "express": "^4.17.1",
      "lodash": "^4.17.20",
      "mongoose": "^5.10.3",
      "passport": "^0.4.1",
      "passport-jwt": "^4.0.0",
      "passport-local": "^1.0.0",
      "redis": "^3.1.2",
      "socket.io": "^4.1.3"
    }
  }

yarn manifest: 
  No manifest

Lockfile: 
  No lockfile
